{"/Users/ruslan/Desktop/hexlet-js/hexlet-project-2/frontend-project-lvl2/src/gendiff.js": {"path":"/Users/ruslan/Desktop/hexlet-js/hexlet-project-2/frontend-project-lvl2/src/gendiff.js","all":false,"statementMap":{"0":{"start":{"line":1,"column":0},"end":{"line":1,"column":0}},"1":{"start":{"line":2,"column":0},"end":{"line":2,"column":22}},"2":{"start":{"line":3,"column":0},"end":{"line":3,"column":0}},"3":{"start":{"line":4,"column":0},"end":{"line":4,"column":35}},"4":{"start":{"line":5,"column":0},"end":{"line":5,"column":22}},"5":{"start":{"line":6,"column":0},"end":{"line":6,"column":36}},"6":{"start":{"line":7,"column":0},"end":{"line":7,"column":36}},"7":{"start":{"line":8,"column":0},"end":{"line":8,"column":37}},"8":{"start":{"line":9,"column":0},"end":{"line":9,"column":33}},"9":{"start":{"line":10,"column":0},"end":{"line":10,"column":29}},"10":{"start":{"line":11,"column":0},"end":{"line":11,"column":41}},"11":{"start":{"line":12,"column":0},"end":{"line":12,"column":49}},"12":{"start":{"line":13,"column":0},"end":{"line":13,"column":19}},"13":{"start":{"line":14,"column":0},"end":{"line":14,"column":40}},"14":{"start":{"line":15,"column":0},"end":{"line":15,"column":40}},"15":{"start":{"line":16,"column":0},"end":{"line":16,"column":37}},"16":{"start":{"line":17,"column":0},"end":{"line":17,"column":11}},"17":{"start":{"line":18,"column":0},"end":{"line":18,"column":49}},"18":{"start":{"line":19,"column":0},"end":{"line":19,"column":19}},"19":{"start":{"line":20,"column":0},"end":{"line":20,"column":40}},"20":{"start":{"line":21,"column":0},"end":{"line":21,"column":40}},"21":{"start":{"line":22,"column":0},"end":{"line":22,"column":37}},"22":{"start":{"line":23,"column":0},"end":{"line":23,"column":11}},"23":{"start":{"line":24,"column":0},"end":{"line":24,"column":49}},"24":{"start":{"line":25,"column":0},"end":{"line":25,"column":49}},"25":{"start":{"line":26,"column":0},"end":{"line":26,"column":16}},"26":{"start":{"line":27,"column":0},"end":{"line":27,"column":49}},"27":{"start":{"line":28,"column":0},"end":{"line":28,"column":9}},"28":{"start":{"line":29,"column":0},"end":{"line":29,"column":5}},"29":{"start":{"line":30,"column":0},"end":{"line":30,"column":17}},"30":{"start":{"line":31,"column":0},"end":{"line":31,"column":17}},"31":{"start":{"line":32,"column":0},"end":{"line":32,"column":1}},"32":{"start":{"line":33,"column":0},"end":{"line":33,"column":0}},"33":{"start":{"line":34,"column":0},"end":{"line":34,"column":23}}},"s":{"0":1,"1":1,"2":1,"3":1,"4":1,"5":1,"6":1,"7":1,"8":1,"9":1,"10":5,"11":2,"12":5,"13":3,"14":3,"15":2,"16":3,"17":1,"18":3,"19":2,"20":2,"21":1,"22":2,"23":1,"24":1,"25":1,"26":1,"27":1,"28":5,"29":1,"30":1,"31":1,"32":1,"33":1},"branchMap":{"0":{"type":"branch","line":4,"loc":{"start":{"line":4,"column":16},"end":{"line":32,"column":1}},"locations":[{"start":{"line":4,"column":16},"end":{"line":32,"column":1}}]},"1":{"type":"branch","line":10,"loc":{"start":{"line":10,"column":28},"end":{"line":29,"column":5}},"locations":[{"start":{"line":10,"column":28},"end":{"line":29,"column":5}}]},"2":{"type":"branch","line":11,"loc":{"start":{"line":11,"column":40},"end":{"line":13,"column":9}},"locations":[{"start":{"line":11,"column":40},"end":{"line":13,"column":9}}]},"3":{"type":"branch","line":13,"loc":{"start":{"line":13,"column":9},"end":{"line":28,"column":9}},"locations":[{"start":{"line":13,"column":9},"end":{"line":28,"column":9}}]},"4":{"type":"branch","line":14,"loc":{"start":{"line":14,"column":37},"end":{"line":15,"column":37}},"locations":[{"start":{"line":14,"column":37},"end":{"line":15,"column":37}}]},"5":{"type":"branch","line":15,"loc":{"start":{"line":15,"column":37},"end":{"line":16,"column":37}},"locations":[{"start":{"line":15,"column":37},"end":{"line":16,"column":37}}]},"6":{"type":"branch","line":17,"loc":{"start":{"line":17,"column":10},"end":{"line":19,"column":9}},"locations":[{"start":{"line":17,"column":10},"end":{"line":19,"column":9}}]},"7":{"type":"branch","line":19,"loc":{"start":{"line":19,"column":9},"end":{"line":28,"column":9}},"locations":[{"start":{"line":19,"column":9},"end":{"line":28,"column":9}}]},"8":{"type":"branch","line":20,"loc":{"start":{"line":20,"column":37},"end":{"line":21,"column":37}},"locations":[{"start":{"line":20,"column":37},"end":{"line":21,"column":37}}]},"9":{"type":"branch","line":21,"loc":{"start":{"line":21,"column":37},"end":{"line":22,"column":37}},"locations":[{"start":{"line":21,"column":37},"end":{"line":22,"column":37}}]},"10":{"type":"branch","line":23,"loc":{"start":{"line":23,"column":10},"end":{"line":28,"column":9}},"locations":[{"start":{"line":23,"column":10},"end":{"line":28,"column":9}}]}},"b":{"0":[1],"1":[5],"2":[2],"3":[3],"4":[2],"5":[2],"6":[1],"7":[2],"8":[1],"9":[1],"10":[1]},"fnMap":{"0":{"name":"genDiff","decl":{"start":{"line":4,"column":16},"end":{"line":32,"column":1}},"loc":{"start":{"line":4,"column":16},"end":{"line":32,"column":1}},"line":4}},"f":{"0":1}}
}
