TN:
SF:src/gendiff.js
FN:4,genDiff
FNF:1
FNH:1
FNDA:1,genDiff
DA:1,1
DA:2,1
DA:3,1
DA:4,1
DA:5,1
DA:6,1
DA:7,1
DA:8,1
DA:9,1
DA:10,1
DA:11,5
DA:12,2
DA:13,5
DA:14,3
DA:15,3
DA:16,2
DA:17,3
DA:18,1
DA:19,3
DA:20,2
DA:21,2
DA:22,1
DA:23,2
DA:24,1
DA:25,1
DA:26,1
DA:27,1
DA:28,1
DA:29,5
DA:30,1
DA:31,1
DA:32,1
DA:33,1
DA:34,1
LF:34
LH:34
BRDA:4,0,0,1
BRDA:10,1,0,5
BRDA:11,2,0,2
BRDA:13,3,0,3
BRDA:14,4,0,2
BRDA:15,5,0,2
BRDA:17,6,0,1
BRDA:19,7,0,2
BRDA:20,8,0,1
BRDA:21,9,0,1
BRDA:23,10,0,1
BRF:11
BRH:11
end_of_record
