TN:
SF:src/constructDiff.js
FN:3,constructDiff
FNF:1
FNH:1
FNDA:1,constructDiff
DA:1,1
DA:2,1
DA:3,1
DA:4,1
DA:5,1
DA:6,1
DA:7,1
DA:8,1
DA:9,1
DA:10,5
DA:11,2
DA:12,5
DA:13,3
DA:14,2
DA:15,2
DA:16,3
DA:17,1
DA:18,3
DA:19,2
DA:20,1
DA:21,1
DA:22,2
DA:23,1
DA:24,1
DA:25,1
DA:26,1
DA:27,1
DA:28,5
DA:29,1
DA:30,1
DA:31,1
DA:32,1
DA:33,1
LF:33
LH:33
BRDA:3,0,0,1
BRDA:9,1,0,5
BRDA:10,2,0,2
BRDA:12,3,0,3
BRDA:14,4,0,2
BRDA:15,5,0,2
BRDA:16,6,0,1
BRDA:18,7,0,2
BRDA:20,8,0,1
BRDA:21,9,0,1
BRDA:22,10,0,1
BRF:11
BRH:11
end_of_record
